#
# There is insufficient memory for the Java Runtime Environment to continue.
# Native memory allocation (mmap) failed to map 65536 bytes for Failed to commit metaspace.
# Possible reasons:
#   The system is out of physical RAM or swap space
#   The process is running with CompressedOops enabled, and the Java Heap may be blocking the growth of the native heap
# Possible solutions:
#   Reduce memory load on the system
#   Increase physical memory or swap space
#   Check if swap backing store is full
#   Decrease Java heap size (-Xmx/-Xms)
#   Decrease number of Java threads
#   Decrease Java thread stack sizes (-Xss)
#   Set larger code cache with -XX:ReservedCodeCacheSize=
#   JVM is running with Unscaled Compressed Oops mode in which the Java heap is
#     placed in the first 4GB address space. The Java Heap base address is the
#     maximum limit for the native heap growth. Please use -XX:HeapBaseMinAddress
#     to set the Java Heap base and to place the Java Heap above 4GB virtual address.
# This output file may be truncated or incomplete.
#
#  Out of Memory Error (virtualSpaceNode.cpp:110), pid=12964, tid=10716
#
# JRE version: OpenJDK Runtime Environment JBR-17.0.9+7-1087.9-jcef (17.0.9+7) (build 17.0.9+7-b1087.9)
# Java VM: OpenJDK 64-Bit Server VM JBR-17.0.9+7-1087.9-jcef (17.0.9+7-b1087.9, mixed mode, tiered, compressed oops, compressed class ptrs, g1 gc, windows-amd64)
# No core dump will be written. Minidumps are not enabled by default on client versions of Windows
#

---------------  S U M M A R Y ------------

Command Line: git4idea.http.GitAskPassApp Username for 'https://github.com': 

Host: Intel(R) Core(TM) i5-7200U CPU @ 2.50GHz, 4 cores, 7G,  Windows 10 , 64 bit Build 19041 (10.0.19041.3636)
Time: Tue Feb 27 13:11:42 2024 RTZ 2 (s 10 , 64 bit Build 19041 (10.0.19041.3636) elapsed time: 0.972442 seconds (0d 0h 0m 0s)

---------------  T H R E A D  ---------------

Current thread (0x0000023721902530):  JavaThread "HttpClient-1-Worker-0" daemon [_thread_in_vm, id=10716, stack(0x000000b243700000,0x000000b243800000)]

Stack: [0x000000b243700000,0x000000b243800000]
Native frames: (J=compiled Java code, j=interpreted, Vv=VM code, C=native code)
V  [jvm.dll+0x688349]
V  [jvm.dll+0x841bfa]
V  [jvm.dll+0x84383e]
V  [jvm.dll+0x843ea3]
V  [jvm.dll+0x24bdef]
V  [jvm.dll+0x83cbdb]
V  [jvm.dll+0x62c746]
V  [jvm.dll+0x62c7aa]
V  [jvm.dll+0x62efda]
V  [jvm.dll+0x62d0e6]
V  [jvm.dll+0x248efc]
V  [jvm.dll+0x6dfbcd]
V  [jvm.dll+0x6e060f]
V  [jvm.dll+0x378ed0]
V  [jvm.dll+0x377ef4]
V  [jvm.dll+0x377e98]
V  [jvm.dll+0x387f8a]
C  0x00000237125bb5a5

The last pc belongs to new (printed below).
Java frames: (J=compiled Java code, j=interpreted, Vv=VM code)
j  sun.security.ssl.CertSignAlgsExtension.<clinit>()V+40 java.base@17.0.9
v  ~StubRoutines::call_stub
j  sun.security.ssl.SSLExtension.<clinit>()V+1779 java.base@17.0.9
v  ~StubRoutines::call_stub
j  sun.security.ssl.SSLConfiguration.getEnabledExtensions(Lsun/security/ssl/SSLHandshake;Ljava/util/List;)[Lsun/security/ssl/SSLExtension;+8 java.base@17.0.9
j  sun.security.ssl.ClientHello$ClientHelloKickstartProducer.produce(Lsun/security/ssl/ConnectionContext;)[B+949 java.base@17.0.9
j  sun.security.ssl.SSLHandshake.kickstart(Lsun/security/ssl/HandshakeContext;)V+47 java.base@17.0.9
j  sun.security.ssl.ClientHandshakeContext.kickstart()V+9 java.base@17.0.9
j  sun.security.ssl.TransportContext.kickstart()V+234 java.base@17.0.9
j  sun.security.ssl.SSLEngineImpl.writeRecord([Ljava/nio/ByteBuffer;II[Ljava/nio/ByteBuffer;II)Ljavax/net/ssl/SSLEngineResult;+117 java.base@17.0.9
j  sun.security.ssl.SSLEngineImpl.wrap([Ljava/nio/ByteBuffer;II[Ljava/nio/ByteBuffer;II)Ljavax/net/ssl/SSLEngineResult;+53 java.base@17.0.9
j  sun.security.ssl.SSLEngineImpl.wrap([Ljava/nio/ByteBuffer;IILjava/nio/ByteBuffer;)Ljavax/net/ssl/SSLEngineResult;+15 java.base@17.0.9
j  javax.net.ssl.SSLEngine.wrap([Ljava/nio/ByteBuffer;Ljava/nio/ByteBuffer;)Ljavax/net/ssl/SSLEngineResult;+20 java.base@17.0.9
j  jdk.internal.net.http.common.SSLFlowDelegate$Writer.wrapBuffers([Ljava/nio/ByteBuffer;)Ljdk/internal/net/http/common/SSLFlowDelegate$EngineResult;+131 java.net.http@17.0.9
j  jdk.internal.net.http.common.SSLFlowDelegate$Writer.processData()V+90 java.net.http@17.0.9
j  jdk.internal.net.http.common.SSLFlowDelegate$Writer$WriterDownstreamPusher.run()V+4 java.net.http@17.0.9
j  jdk.internal.net.http.common.SequentialScheduler$CompleteRestartableTask.run(Ljdk/internal/net/http/common/SequentialScheduler$DeferredCompleter;)V+1 java.net.http@17.0.9
j  jdk.internal.net.http.common.SequentialScheduler$SchedulableTask.run()V+14 java.net.http@17.0.9
j  jdk.internal.net.http.common.SequentialScheduler.runOrSchedule(Ljdk/internal/net/http/common/SequentialScheduler$SchedulableTask;Ljava/util/concurrent/Executor;)V+86 java.net.http@17.0.9
j  jdk.internal.net.http.common.SequentialScheduler.runOrSchedule()V+6 java.net.http@17.0.9
j  jdk.internal.net.http.common.SSLFlowDelegate$Writer.incoming(Ljava/util/List;Z)V+155 java.net.http@17.0.9
j  jdk.internal.net.http.common.SubscriberWrapper.incomingCaller(Ljava/util/List;Z)V+3 java.net.http@17.0.9
j  jdk.internal.net.http.common.SubscriberWrapper.addData(Ljava/nio/ByteBuffer;)V+24 java.net.http@17.0.9
j  jdk.internal.net.http.common.SSLFlowDelegate$Writer.onSubscribe()V+27 java.net.http@17.0.9
j  jdk.internal.net.http.common.SubscriberWrapper.onSubscribe(Ljava/util/concurrent/Flow$Subscription;)V+78 java.net.http@17.0.9
j  jdk.internal.net.http.common.SSLTube$SSLTubeFlowDelegate.connect(Ljava/util/concurrent/Flow$Subscriber;Ljava/util/concurrent/Flow$Subscriber;)V+95 java.net.http@17.0.9
j  jdk.internal.net.http.common.SSLFlowDelegate.<init>(Ljavax/net/ssl/SSLEngine;Ljava/util/concurrent/Executor;Ljava/util/function/Consumer;Ljava/util/concurrent/Flow$Subscriber;Ljava/util/concurrent/Flow$Subscriber;)V+243 java.net.http@17.0.9
j  jdk.internal.net.http.common.SSLTube$SSLTubeFlowDelegate.<init>(Ljdk/internal/net/http/common/SSLTube;Ljavax/net/ssl/SSLEngine;Ljava/util/concurrent/Executor;Ljava/util/function/Consumer;Ljdk/internal/net/http/common/SSLTube$SSLSubscriberWrapper;Ljdk/internal/net/http/common/FlowTube;)V+14 java.net.http@17.0.9
j  jdk.internal.net.http.common.SSLTube.<init>(Ljavax/net/ssl/SSLEngine;Ljava/util/concurrent/Executor;Ljava/util/function/Consumer;Ljdk/internal/net/http/common/FlowTube;)V+97 java.net.http@17.0.9
j  jdk.internal.net.http.AsyncSSLConnection.lambda$connectAsync$0(Ljava/lang/Void;)Ljava/lang/Void;+40 java.net.http@17.0.9
j  jdk.internal.net.http.AsyncSSLConnection$$Lambda$102+0x0000000100121c18.apply(Ljava/lang/Object;)Ljava/lang/Object;+8 java.net.http@17.0.9
j  java.util.concurrent.CompletableFuture$UniApply.tryFire(I)Ljava/util/concurrent/CompletableFuture;+106 java.base@17.0.9
j  java.util.concurrent.CompletableFuture.postComplete()V+76 java.base@17.0.9
j  java.util.concurrent.CompletableFuture$AsyncSupply.run()V+57 java.base@17.0.9
j  java.util.concurrent.ThreadPoolExecutor.runWorker(Ljava/util/concurrent/ThreadPoolExecutor$Worker;)V+92 java.base@17.0.9
j  java.util.concurrent.ThreadPoolExecutor$Worker.run()V+5 java.base@17.0.9
j  java.lang.Thread.run()V+11 java.base@17.0.9
v  ~StubRoutines::call_stub
new  187 new  [0x00000237125bb420, 0x00000237125bb640]  544 bytes
[MachCode]
  0x00000237125bb420: 4883 ec08 | c5fa 1104 | 24eb 1f48 | 83ec 10c5 | fb11 0424 | eb14 4883 | ec10 4889 | 0424 48c7 
  0x00000237125bb440: 4424 0800 | 0000 00eb | 0150 410f | b755 010f | cac1 ea10 | 488b 4de8 | 488b 4908 | 488b 4908 
  0x00000237125bb460: 488b 4108 | 807c 1004 | 070f 85d6 | 0000 0066 | 8b54 d148 | 488b 4928 | 488b 4cd1 | 0851 80b9 
  0x00000237125bb480: 5b01 0000 | 040f 85b9 | 0000 008b | 5108 f7c2 | 0100 0000 | 0f85 aa00 | 0000 498b | 8708 0100 
  0x00000237125bb4a0: 0048 8d1c | 1049 3b9f | 1801 0000 | 0f87 9200 | 0000 4989 | 9f08 0100 | 00e9 0000 | 0000 4883 
  0x00000237125bb4c0: ea10 0f84 | 0f00 0000 | 33c9 c1ea | 0348 894c | d008 48ff | ca75 f648 | c700 0100 | 0000 5933 
  0x00000237125bb4e0: f689 700c | 48c1 e903 | 8948 0849 | ba3e 29a7 | 24ff 7f00 | 0041 803a | 000f 8440 | 0000 0050 
  0x00000237125bb500: 488b c848 | 83ec 20f7 | c40f 0000 | 000f 841a | 0000 0048 | 83ec 0849 | bad0 ea5c | 24ff 7f00 
  0x00000237125bb520: 0041 ffd2 | 4883 c408 | e90d 0000 | 0049 bad0 | ea5c 24ff | 7f00 0041 | ffd2 4883 | c420 58e9 
  0x00000237125bb540: cd00 0000 | 5948 8b55 | e848 8b52 | 0848 8b52 | 0845 0fb7 | 4501 410f | c841 c1e8 | 10e8 0500 
  0x00000237125bb560: 0000 e9aa | 0000 0048 | 8d44 2408 | 4c89 6dc0 | 498b cfc5 | f877 4989 | afa8 0200 | 0049 8987 
  0x00000237125bb580: 9802 0000 | 4883 ec20 | f7c4 0f00 | 0000 0f84 | 1a00 0000 | 4883 ec08 | 49ba 007f | 2624 ff7f 
  0x00000237125bb5a0: 0000 41ff | d248 83c4 | 08e9 0d00 | 0000 49ba | 007f 2624 | ff7f 0000 | 41ff d248 | 83c4 2049 
  0x00000237125bb5c0: c787 9802 | 0000 0000 | 0000 49c7 | 87a8 0200 | 0000 0000 | 0049 c787 | a002 0000 | 0000 0000 
  0x00000237125bb5e0: c5f8 7749 | 817f 0800 | 0000 000f | 8405 0000 | 00e9 0a59 | feff 498b | 87f0 0200 | 0049 c787 
  0x00000237125bb600: f002 0000 | 0000 0000 | 4c8b 6dc0 | 4c8b 75c8 | c341 0fb6 | 5d03 4983 | c503 49ba | 408f a924 
  0x00000237125bb620: ff7f 0000 | 41ff 24da | 0000 0000 | 0000 0000 | 0000 0000 | 0000 0000 | 0000 0000 | 0000 0000 
[/MachCode]

---------------  P R O C E S S  ---------------

Threads class SMR info:
_java_thread_list=0x00000237218fede0, length=15, elements={
0x00000237078ee670, 0x00000237210aa610, 0x00000237210abc30, 0x000002372130a9b0,
0x000002372130c890, 0x000002372130daf0, 0x00000237210bdb60, 0x0000023721328330,
0x0000023721329c50, 0x000002372132cd10, 0x000002372149dad0, 0x00000237214c92e0,
0x00000237218627b0, 0x0000023721902530, 0x00000237218d29e0
}

Java Threads: ( => current thread )
  0x00000237078ee670 JavaThread "main" [_thread_blocked, id=9388, stack(0x000000b242200000,0x000000b242300000)]
  0x00000237210aa610 JavaThread "Reference Handler" daemon [_thread_blocked, id=5520, stack(0x000000b242900000,0x000000b242a00000)]
  0x00000237210abc30 JavaThread "Finalizer" daemon [_thread_blocked, id=12220, stack(0x000000b242a00000,0x000000b242b00000)]
  0x000002372130a9b0 JavaThread "Signal Dispatcher" daemon [_thread_blocked, id=11440, stack(0x000000b242b00000,0x000000b242c00000)]
  0x000002372130c890 JavaThread "Attach Listener" daemon [_thread_blocked, id=9660, stack(0x000000b242c00000,0x000000b242d00000)]
  0x000002372130daf0 JavaThread "Service Thread" daemon [_thread_blocked, id=10172, stack(0x000000b242d00000,0x000000b242e00000)]
  0x00000237210bdb60 JavaThread "Monitor Deflation Thread" daemon [_thread_blocked, id=2060, stack(0x000000b242e00000,0x000000b242f00000)]
  0x0000023721328330 JavaThread "C2 CompilerThread0" daemon [_thread_blocked, id=9896, stack(0x000000b242f00000,0x000000b243000000)]
  0x0000023721329c50 JavaThread "C1 CompilerThread0" daemon [_thread_blocked, id=4136, stack(0x000000b243000000,0x000000b243100000)]
  0x000002372132cd10 JavaThread "Sweeper thread" daemon [_thread_blocked, id=4440, stack(0x000000b243100000,0x000000b243200000)]
  0x000002372149dad0 JavaThread "Notification Thread" daemon [_thread_blocked, id=9304, stack(0x000000b243200000,0x000000b243300000)]
  0x00000237214c92e0 JavaThread "Common-Cleaner" daemon [_thread_blocked, id=11492, stack(0x000000b243400000,0x000000b243500000)]
  0x00000237218627b0 JavaThread "HttpClient-1-SelectorManager" daemon [_thread_in_native, id=11412, stack(0x000000b243500000,0x000000b243600000)]
=>0x0000023721902530 JavaThread "HttpClient-1-Worker-0" daemon [_thread_in_vm, id=10716, stack(0x000000b243700000,0x000000b243800000)]
  0x00000237218d29e0 JavaThread "HttpClient-1-Worker-1" daemon [_thread_blocked, id=12392, stack(0x000000b243800000,0x000000b243900000)]

Other Threads:
  0x0000023721087530 VMThread "VM Thread" [stack: 0x000000b242800000,0x000000b242900000] [id=6784]
  0x00000237214c1020 WatcherThread [stack: 0x000000b243300000,0x000000b243400000] [id=12360]
  0x00000237079479f0 GCTaskThread "GC Thread#0" [stack: 0x000000b242300000,0x000000b242400000] [id=12472]
  0x00000237079585c0 ConcurrentGCThread "G1 Main Marker" [stack: 0x000000b242400000,0x000000b242500000] [id=13740]
  0x0000023707958fe0 ConcurrentGCThread "G1 Conc#0" [stack: 0x000000b242500000,0x000000b242600000] [id=8752]
  0x00000237079ad0e0 ConcurrentGCThread "G1 Refine#0" [stack: 0x000000b242600000,0x000000b242700000] [id=12504]
  0x00000237079adb10 ConcurrentGCThread "G1 Service" [stack: 0x000000b242700000,0x000000b242800000] [id=328]

Threads with active compile tasks:

VM state: not at safepoint (normal execution)

VM Mutex/Monitor currently owned by a thread:  ([mutex/lock_event])
[0x00000237078e79a0] Metaspace_lock - owner thread: 0x0000023721902530

Heap address: 0x0000000081c00000, size: 2020 MB, Compressed Oops mode: 32-bit

CDS archive(s) not mapped
Compressed class space mapped at: 0x0000000100000000-0x0000000140000000, reserved size: 1073741824
Narrow klass base: 0x0000000000000000, Narrow klass shift: 3, Narrow klass range: 0x140000000

GC Precious Log:
 CPUs: 4 total, 4 available
 Memory: 8078M
 Large Page Support: Disabled
 NUMA Support: Disabled
 Compressed Oops: Enabled (32-bit)
 Heap Region Size: 1M
 Heap Min Capacity: 8M
 Heap Initial Capacity: 128M
 Heap Max Capacity: 2020M
 Pre-touch: Disabled
 Parallel Workers: 4
 Concurrent Workers: 1
 Concurrent Refinement Workers: 4
 Periodic GC: Disabled

Heap:
 garbage-first heap   total 131072K, used 11264K [0x0000000081c00000, 0x0000000100000000)
  region size 1024K, 12 young (12288K), 0 survivors (0K)
 Metaspace       used 14617K, committed 14784K, reserved 1114112K
  class space    used 1511K, committed 1600K, reserved 1048576K

Heap Regions: E=young(eden), S=young(survivor), O=old, HS=humongous(starts), HC=humongous(continues), CS=collection set, F=free, OA=open archive, CA=closed archive, TAMS=top-at-mark-start (previous, next)
|   0|0x0000000081c00000, 0x0000000081c00000, 0x0000000081d00000|  0%| F|  |TAMS 0x0000000081c00000, 0x0000000081c00000| Untracked 
|   1|0x0000000081d00000, 0x0000000081d00000, 0x0000000081e00000|  0%| F|  |TAMS 0x0000000081d00000, 0x0000000081d00000| Untracked 
|   2|0x0000000081e00000, 0x0000000081e00000, 0x0000000081f00000|  0%| F|  |TAMS 0x0000000081e00000, 0x0000000081e00000| Untracked 
|   3|0x0000000081f00000, 0x0000000081f00000, 0x0000000082000000|  0%| F|  |TAMS 0x0000000081f00000, 0x0000000081f00000| Untracked 
|   4|0x0000000082000000, 0x0000000082000000, 0x0000000082100000|  0%| F|  |TAMS 0x0000000082000000, 0x0000000082000000| Untracked 
|   5|0x0000000082100000, 0x0000000082100000, 0x0000000082200000|  0%| F|  |TAMS 0x0000000082100000, 0x0000000082100000| Untracked 
|   6|0x0000000082200000, 0x0000000082200000, 0x0000000082300000|  0%| F|  |TAMS 0x0000000082200000, 0x0000000082200000| Untracked 
|   7|0x0000000082300000, 0x0000000082300000, 0x0000000082400000|  0%| F|  |TAMS 0x0000000082300000, 0x0000000082300000| Untracked 
|   8|0x0000000082400000, 0x0000000082400000, 0x0000000082500000|  0%| F|  |TAMS 0x0000000082400000, 0x0000000082400000| Untracked 
|   9|0x0000000082500000, 0x0000000082500000, 0x0000000082600000|  0%| F|  |TAMS 0x0000000082500000, 0x0000000082500000| Untracked 
|  10|0x0000000082600000, 0x0000000082600000, 0x0000000082700000|  0%| F|  |TAMS 0x0000000082600000, 0x0000000082600000| Untracked 
|  11|0x0000000082700000, 0x0000000082700000, 0x0000000082800000|  0%| F|  |TAMS 0x0000000082700000, 0x0000000082700000| Untracked 
|  12|0x0000000082800000, 0x0000000082800000, 0x0000000082900000|  0%| F|  |TAMS 0x0000000082800000, 0x0000000082800000| Untracked 
|  13|0x0000000082900000, 0x0000000082900000, 0x0000000082a00000|  0%| F|  |TAMS 0x0000000082900000, 0x0000000082900000| Untracked 
|  14|0x0000000082a00000, 0x0000000082a00000, 0x0000000082b00000|  0%| F|  |TAMS 0x0000000082a00000, 0x0000000082a00000| Untracked 
|  15|0x0000000082b00000, 0x0000000082b00000, 0x0000000082c00000|  0%| F|  |TAMS 0x0000000082b00000, 0x0000000082b00000| Untracked 
|  16|0x0000000082c00000, 0x0000000082c00000, 0x0000000082d00000|  0%| F|  |TAMS 0x0000000082c00000, 0x0000000082c00000| Untracked 
|  17|0x0000000082d00000, 0x0000000082d00000, 0x0000000082e00000|  0%| F|  |TAMS 0x0000000082d00000, 0x0000000082d00000| Untracked 
|  18|0x0000000082e00000, 0x0000000082e00000, 0x0000000082f00000|  0%| F|  |TAMS 0x0000000082e00000, 0x0000000082e00000| Untracked 
|  19|0x0000000082f00000, 0x0000000082f00000, 0x0000000083000000|  0%| F|  |TAMS 0x0000000082f00000, 0x0000000082f00000| Untracked 
|  20|0x0000000083000000, 0x0000000083000000, 0x0000000083100000|  0%| F|  |TAMS 0x0000000083000000, 0x0000000083000000| Untracked 
|  21|0x0000000083100000, 0x0000000083100000, 0x0000000083200000|  0%| F|  |TAMS 0x0000000083100000, 0x0000000083100000| Untracked 
|  22|0x0000000083200000, 0x0000000083200000, 0x0000000083300000|  0%| F|  |TAMS 0x0000000083200000, 0x0000000083200000| Untracked 
|  23|0x0000000083300000, 0x0000000083300000, 0x0000000083400000|  0%| F|  |TAMS 0x0000000083300000, 0x0000000083300000| Untracked 
|  24|0x0000000083400000, 0x0000000083400000, 0x0000000083500000|  0%| F|  |TAMS 0x0000000083400000, 0x0000000083400000| Untracked 
|  25|0x0000000083500000, 0x0000000083500000, 0x0000000083600000|  0%| F|  |TAMS 0x0000000083500000, 0x0000000083500000| Untracked 
|  26|0x0000000083600000, 0x0000000083600000, 0x0000000083700000|  0%| F|  |TAMS 0x0000000083600000, 0x0000000083600000| Untracked 
|  27|0x0000000083700000, 0x0000000083700000, 0x0000000083800000|  0%| F|  |TAMS 0x0000000083700000, 0x0000000083700000| Untracked 
|  28|0x0000000083800000, 0x0000000083800000, 0x0000000083900000|  0%| F|  |TAMS 0x0000000083800000, 0x0000000083800000| Untracked 
|  29|0x0000000083900000, 0x0000000083900000, 0x0000000083a00000|  0%| F|  |TAMS 0x0000000083900000, 0x0000000083900000| Untracked 
|  30|0x0000000083a00000, 0x0000000083a00000, 0x0000000083b00000|  0%| F|  |TAMS 0x0000000083a00000, 0x0000000083a00000| Untracked 
|  31|0x0000000083b00000, 0x0000000083b00000, 0x0000000083c00000|  0%| F|  |TAMS 0x0000000083b00000, 0x0000000083b00000| Untracked 
|  32|0x0000000083c00000, 0x0000000083c00000, 0x0000000083d00000|  0%| F|  |TAMS 0x0000000083c00000, 0x0000000083c00000| Untracked 
|  33|0x0000000083d00000, 0x0000000083d00000, 0x0000000083e00000|  0%| F|  |TAMS 0x0000000083d00000, 0x0000000083d00000| Untracked 
|  34|0x0000000083e00000, 0x0000000083e00000, 0x0000000083f00000|  0%| F|  |TAMS 0x0000000083e00000, 0x0000000083e00000| Untracked 
|  35|0x0000000083f00000, 0x0000000083f00000, 0x0000000084000000|  0%| F|  |TAMS 0x0000000083f00000, 0x0000000083f00000| Untracked 
|  36|0x0000000084000000, 0x0000000084000000, 0x0000000084100000|  0%| F|  |TAMS 0x0000000084000000, 0x0000000084000000| Untracked 
|  37|0x0000000084100000, 0x0000000084100000, 0x0000000084200000|  0%| F|  |TAMS 0x0000000084100000, 0x0000000084100000| Untracked 
|  38|0x0000000084200000, 0x0000000084200000, 0x0000000084300000|  0%| F|  |TAMS 0x0000000084200000, 0x0000000084200000| Untracked 
|  39|0x0000000084300000, 0x0000000084300000, 0x0000000084400000|  0%| F|  |TAMS 0x0000000084300000, 0x0000000084300000| Untracked 
|  40|0x0000000084400000, 0x0000000084400000, 0x0000000084500000|  0%| F|  |TAMS 0x0000000084400000, 0x0000000084400000| Untracked 
|  41|0x0000000084500000, 0x0000000084500000, 0x0000000084600000|  0%| F|  |TAMS 0x0000000084500000, 0x0000000084500000| Untracked 
|  42|0x0000000084600000, 0x0000000084600000, 0x0000000084700000|  0%| F|  |TAMS 0x0000000084600000, 0x0000000084600000| Untracked 
|  43|0x0000000084700000, 0x0000000084700000, 0x0000000084800000|  0%| F|  |TAMS 0x0000000084700000, 0x0000000084700000| Untracked 
|  44|0x0000000084800000, 0x0000000084800000, 0x0000000084900000|  0%| F|  |TAMS 0x0000000084800000, 0x0000000084800000| Untracked 
|  45|0x0000000084900000, 0x0000000084900000, 0x0000000084a00000|  0%| F|  |TAMS 0x0000000084900000, 0x0000000084900000| Untracked 
|  46|0x0000000084a00000, 0x0000000084a00000, 0x0000000084b00000|  0%| F|  |TAMS 0x0000000084a00000, 0x0000000084a00000| Untracked 
|  47|0x0000000084b00000, 0x0000000084b00000, 0x0000000084c00000|  0%| F|  |TAMS 0x0000000084b00000, 0x0000000084b00000| Untracked 
|  48|0x0000000084c00000, 0x0000000084c00000, 0x0000000084d00000|  0%| F|  |TAMS 0x0000000084c00000, 0x0000000084c00000| Untracked 
|  49|0x0000000084d00000, 0x0000000084d00000, 0x0000000084e00000|  0%| F|  |TAMS 0x0000000084d00000, 0x0000000084d00000| Untracked 
|  50|0x0000000084e00000, 0x0000000084e00000, 0x0000000084f00000|  0%| F|  |TAMS 0x0000000084e00000, 0x0000000084e00000| Untracked 
|  51|0x0000000084f00000, 0x0000000084f00000, 0x0000000085000000|  0%| F|  |TAMS 0x0000000084f00000, 0x0000000084f00000| Untracked 
|  52|0x0000000085000000, 0x0000000085000000, 0x0000000085100000|  0%| F|  |TAMS 0x0000000085000000, 0x0000000085000000| Untracked 
|  53|0x0000000085100000, 0x0000000085100000, 0x0000000085200000|  0%| F|  |TAMS 0x0000000085100000, 0x0000000085100000| Untracked 
|  54|0x0000000085200000, 0x0000000085200000, 0x0000000085300000|  0%| F|  |TAMS 0x0000000085200000, 0x0000000085200000| Untracked 
|  55|0x0000000085300000, 0x0000000085300000, 0x0000000085400000|  0%| F|  |TAMS 0x0000000085300000, 0x0000000085300000| Untracked 
|  56|0x0000000085400000, 0x0000000085400000, 0x0000000085500000|  0%| F|  |TAMS 0x0000000085400000, 0x0000000085400000| Untracked 
|  57|0x0000000085500000, 0x0000000085500000, 0x0000000085600000|  0%| F|  |TAMS 0x0000000085500000, 0x0000000085500000| Untracked 
|  58|0x0000000085600000, 0x0000000085600000, 0x0000000085700000|  0%| F|  |TAMS 0x0000000085600000, 0x0000000085600000| Untracked 
|  59|0x0000000085700000, 0x0000000085700000, 0x0000000085800000|  0%| F|  |TAMS 0x0000000085700000, 0x0000000085700000| Untracked 
|  60|0x0000000085800000, 0x0000000085800000, 0x0000000085900000|  0%| F|  |TAMS 0x0000000085800000, 0x0000000085800000| Untracked 
|  61|0x0000000085900000, 0x0000000085900000, 0x0000000085a00000|  0%| F|  |TAMS 0x0000000085900000, 0x0000000085900000| Untracked 
|  62|0x0000000085a00000, 0x0000000085a00000, 0x0000000085b00000|  0%| F|  |TAMS 0x0000000085a00000, 0x0000000085a00000| Untracked 
|  63|0x0000000085b00000, 0x0000000085b00000, 0x0000000085c00000|  0%| F|  |TAMS 0x0000000085b00000, 0x0000000085b00000| Untracked 
|  64|0x0000000085c00000, 0x0000000085c00000, 0x0000000085d00000|  0%| F|  |TAMS 0x0000000085c00000, 0x0000000085c00000| Untracked 
|  65|0x0000000085d00000, 0x0000000085d00000, 0x0000000085e00000|  0%| F|  |TAMS 0x0000000085d00000, 0x0000000085d00000| Untracked 
|  66|0x0000000085e00000, 0x0000000085e00000, 0x0000000085f00000|  0%| F|  |TAMS 0x0000000085e00000, 0x0000000085e00000| Untracked 
|  67|0x0000000085f00000, 0x0000000085f00000, 0x0000000086000000|  0%| F|  |TAMS 0x0000000085f00000, 0x0000000085f00000| Untracked 
|  68|0x0000000086000000, 0x0000000086000000, 0x0000000086100000|  0%| F|  |TAMS 0x0000000086000000, 0x0000000086000000| Untracked 
|  69|0x0000000086100000, 0x0000000086100000, 0x0000000086200000|  0%| F|  |TAMS 0x0000000086100000, 0x0000000086100000| Untracked 
|  70|0x0000000086200000, 0x0000000086200000, 0x0000000086300000|  0%| F|  |TAMS 0x0000000086200000, 0x0000000086200000| Untracked 
|  71|0x0000000086300000, 0x0000000086300000, 0x0000000086400000|  0%| F|  |TAMS 0x0000000086300000, 0x0000000086300000| Untracked 
|  72|0x0000000086400000, 0x0000000086400000, 0x0000000086500000|  0%| F|  |TAMS 0x0000000086400000, 0x0000000086400000| Untracked 
|  73|0x0000000086500000, 0x0000000086500000, 0x0000000086600000|  0%| F|  |TAMS 0x0000000086500000, 0x0000000086500000| Untracked 
|  74|0x0000000086600000, 0x0000000086600000, 0x0000000086700000|  0%| F|  |TAMS 0x0000000086600000, 0x0000000086600000| Untracked 
|  75|0x0000000086700000, 0x0000000086700000, 0x0000000086800000|  0%| F|  |TAMS 0x0000000086700000, 0x0000000086700000| Untracked 
|  76|0x0000000086800000, 0x0000000086800000, 0x0000000086900000|  0%| F|  |TAMS 0x0000000086800000, 0x0000000086800000| Untracked 
|  77|0x0000000086900000, 0x0000000086900000, 0x0000000086a00000|  0%| F|  |TAMS 0x0000000086900000, 0x0000000086900000| Untracked 
|  78|0x0000000086a00000, 0x0000000086a00000, 0x0000000086b00000|  0%| F|  |TAMS 0x0000000086a00000, 0x0000000086a00000| Untracked 
|  79|0x0000000086b00000, 0x0000000086b00000, 0x0000000086c00000|  0%| F|  |TAMS 0x0000000086b00000, 0x0000000086b00000| Untracked 
|  80|0x0000000086c00000, 0x0000000086c00000, 0x0000000086d00000|  0%| F|  |TAMS 0x0000000086c00000, 0x0000000086c00000| Untracked 
|  81|0x0000000086d00000, 0x0000000086d00000, 0x0000000086e00000|  0%| F|  |TAMS 0x0000000086d00000, 0x0000000086d00000| Untracked 
|  82|0x0000000086e00000, 0x0000000086e00000, 0x0000000086f00000|  0%| F|  |TAMS 0x0000000086e00000, 0x0000000086e00000| Untracked 
|  83|0x0000000086f00000, 0x0000000086f00000, 0x0000000087000000|  0%| F|  |TAMS 0x0000000086f00000, 0x0000000086f00000| Untracked 
|  84|0x0000000087000000, 0x0000000087000000, 0x0000000087100000|  0%| F|  |TAMS 0x0000000087000000, 0x0000000087000000| Untracked 
|  85|0x0000000087100000, 0x0000000087100000, 0x0000000087200000|  0%| F|  |TAMS 0x0000000087100000, 0x0000000087100000| Untracked 
|  86|0x0000000087200000, 0x0000000087200000, 0x0000000087300000|  0%| F|  |TAMS 0x0000000087200000, 0x0000000087200000| Untracked 
|  87|0x0000000087300000, 0x0000000087300000, 0x0000000087400000|  0%| F|  |TAMS 0x0000000087300000, 0x0000000087300000| Untracked 
|  88|0x0000000087400000, 0x0000000087400000, 0x0000000087500000|  0%| F|  |TAMS 0x0000000087400000, 0x0000000087400000| Untracked 
|  89|0x0000000087500000, 0x0000000087500000, 0x0000000087600000|  0%| F|  |TAMS 0x0000000087500000, 0x0000000087500000| Untracked 
|  90|0x0000000087600000, 0x0000000087600000, 0x0000000087700000|  0%| F|  |TAMS 0x0000000087600000, 0x0000000087600000| Untracked 
|  91|0x0000000087700000, 0x0000000087700000, 0x0000000087800000|  0%| F|  |TAMS 0x0000000087700000, 0x0000000087700000| Untracked 
|  92|0x0000000087800000, 0x0000000087800000, 0x0000000087900000|  0%| F|  |TAMS 0x0000000087800000, 0x0000000087800000| Untracked 
|  93|0x0000000087900000, 0x0000000087900000, 0x0000000087a00000|  0%| F|  |TAMS 0x0000000087900000, 0x0000000087900000| Untracked 
|  94|0x0000000087a00000, 0x0000000087a00000, 0x0000000087b00000|  0%| F|  |TAMS 0x0000000087a00000, 0x0000000087a00000| Untracked 
|  95|0x0000000087b00000, 0x0000000087b00000, 0x0000000087c00000|  0%| F|  |TAMS 0x0000000087b00000, 0x0000000087b00000| Untracked 
|  96|0x0000000087c00000, 0x0000000087c00000, 0x0000000087d00000|  0%| F|  |TAMS 0x0000000087c00000, 0x0000000087c00000| Untracked 
|  97|0x0000000087d00000, 0x0000000087d00000, 0x0000000087e00000|  0%| F|  |TAMS 0x0000000087d00000, 0x0000000087d00000| Untracked 
|  98|0x0000000087e00000, 0x0000000087e00000, 0x0000000087f00000|  0%| F|  |TAMS 0x0000000087e00000, 0x0000000087e00000| Untracked 
|  99|0x0000000087f00000, 0x0000000087f00000, 0x0000000088000000|  0%| F|  |TAMS 0x0000000087f00000, 0x0000000087f00000| Untracked 
| 100|0x0000000088000000, 0x0000000088000000, 0x0000000088100000|  0%| F|  |TAMS 0x0000000088000000, 0x0000000088000000| Untracked 
| 101|0x0000000088100000, 0x0000000088100000, 0x0000000088200000|  0%| F|  |TAMS 0x0000000088100000, 0x0000000088100000| Untracked 
| 102|0x0000000088200000, 0x0000000088200000, 0x0000000088300000|  0%| F|  |TAMS 0x0000000088200000, 0x0000000088200000| Untracked 
| 103|0x0000000088300000, 0x0000000088300000, 0x0000000088400000|  0%| F|  |TAMS 0x0000000088300000, 0x0000000088300000| Untracked 
| 104|0x0000000088400000, 0x0000000088400000, 0x0000000088500000|  0%| F|  |TAMS 0x0000000088400000, 0x0000000088400000| Untracked 
| 105|0x0000000088500000, 0x0000000088500000, 0x0000000088600000|  0%| F|  |TAMS 0x0000000088500000, 0x0000000088500000| Untracked 
| 106|0x0000000088600000, 0x0000000088600000, 0x0000000088700000|  0%| F|  |TAMS 0x0000000088600000, 0x0000000088600000| Untracked 
| 107|0x0000000088700000, 0x0000000088700000, 0x0000000088800000|  0%| F|  |TAMS 0x0000000088700000, 0x0000000088700000| Untracked 
| 108|0x0000000088800000, 0x0000000088800000, 0x0000000088900000|  0%| F|  |TAMS 0x0000000088800000, 0x0000000088800000| Untracked 
| 109|0x0000000088900000, 0x0000000088900000, 0x0000000088a00000|  0%| F|  |TAMS 0x0000000088900000, 0x0000000088900000| Untracked 
| 110|0x0000000088a00000, 0x0000000088a00000, 0x0000000088b00000|  0%| F|  |TAMS 0x0000000088a00000, 0x0000000088a00000| Untracked 
| 111|0x0000000088b00000, 0x0000000088b00000, 0x0000000088c00000|  0%| F|  |TAMS 0x0000000088b00000, 0x0000000088b00000| Untracked 
| 112|0x0000000088c00000, 0x0000000088c00000, 0x0000000088d00000|  0%| F|  |TAMS 0x0000000088c00000, 0x0000000088c00000| Untracked 
| 113|0x0000000088d00000, 0x0000000088d00000, 0x0000000088e00000|  0%| F|  |TAMS 0x0000000088d00000, 0x0000000088d00000| Untracked 
| 114|0x0000000088e00000, 0x0000000088e00000, 0x0000000088f00000|  0%| F|  |TAMS 0x0000000088e00000, 0x0000000088e00000| Untracked 
| 115|0x0000000088f00000, 0x0000000088f00000, 0x0000000089000000|  0%| F|  |TAMS 0x0000000088f00000, 0x0000000088f00000| Untracked 
| 116|0x0000000089000000, 0x0000000089043188, 0x0000000089100000| 26%| E|  |TAMS 0x0000000089000000, 0x0000000089000000| Complete 
| 117|0x0000000089100000, 0x0000000089200000, 0x0000000089200000|100%| E|CS|TAMS 0x0000000089100000, 0x0000000089100000| Complete 
| 118|0x0000000089200000, 0x0000000089300000, 0x0000000089300000|100%| E|CS|TAMS 0x0000000089200000, 0x0000000089200000| Complete 
| 119|0x0000000089300000, 0x0000000089400000, 0x0000000089400000|100%| E|CS|TAMS 0x0000000089300000, 0x0000000089300000| Complete 
| 120|0x0000000089400000, 0x0000000089500000, 0x0000000089500000|100%| E|CS|TAMS 0x0000000089400000, 0x0000000089400000| Complete 
| 121|0x0000000089500000, 0x0000000089600000, 0x0000000089600000|100%| E|CS|TAMS 0x0000000089500000, 0x0000000089500000| Complete 
| 122|0x0000000089600000, 0x0000000089700000, 0x0000000089700000|100%| E|CS|TAMS 0x0000000089600000, 0x0000000089600000| Complete 
| 123|0x0000000089700000, 0x0000000089800000, 0x0000000089800000|100%| E|CS|TAMS 0x0000000089700000, 0x0000000089700000| Complete 
| 124|0x0000000089800000, 0x0000000089900000, 0x0000000089900000|100%| E|CS|TAMS 0x0000000089800000, 0x0000000089800000| Complete 
| 125|0x0000000089900000, 0x0000000089a00000, 0x0000000089a00000|100%| E|CS|TAMS 0x0000000089900000, 0x0000000089900000| Complete 
| 126|0x0000000089a00000, 0x0000000089b00000, 0x0000000089b00000|100%| E|CS|TAMS 0x0000000089a00000, 0x0000000089a00000| Complete 
| 127|0x0000000089b00000, 0x0000000089c00000, 0x0000000089c00000|100%| E|CS|TAMS 0x0000000089b00000, 0x0000000089b00000| Complete 

Card table byte_map: [0x000002371a470000,0x000002371a870000] _byte_map_base: 0x000002371a062000

Marking Bits (Prev, Next): (CMBitMap*) 0x0000023707948010, (CMBitMap*) 0x0000023707948050
 Prev Bits: [0x000002371ac70000, 0x000002371cc00000)
 Next Bits: [0x000002371cc00000, 0x000002371eb90000)

Polling page: 0x0000023705860000

Metaspace:

Usage:
  Non-class:     12.80 MB used.
      Class:      1.48 MB used.
       Both:     14.27 MB used.

Virtual space:
  Non-class space:       64.00 MB reserved,      12.88 MB ( 20%) committed,  1 nodes.
      Class space:        1.00 GB reserved,       1.56 MB ( <1%) committed,  1 nodes.
             Both:        1.06 GB reserved,      14.44 MB (  1%) committed. 

Chunk freelists:
   Non-Class:  2.53 MB
       Class:  14.25 MB
        Both:  16.78 MB

MaxMetaspaceSize: unlimited
CompressedClassSpaceSize: 1.00 GB
Initial GC threshold: 21.00 MB
Current GC threshold: 21.00 MB
CDS: off
MetaspaceReclaimPolicy: balanced
 - commit_granule_bytes: 65536.
 - commit_granule_words: 8192.
 - virtual_space_node_default_size: 8388608.
 - enlarge_chunks_in_place: 1.
 - new_chunks_are_fully_committed: 0.
 - uncommit_free_chunks: 1.
 - use_allocation_guard: 0.
 - handle_deallocations: 1.


Internal statistics:

num_allocs_failed_limit: 0.
num_arena_births: 120.
num_arena_deaths: 0.
num_vsnodes_births: 2.
num_vsnodes_deaths: 0.
num_space_committed: 231.
num_space_uncommitted: 0.
num_chunks_returned_to_freelist: 0.
num_chunks_taken_from_freelist: 239.
num_chunk_merges: 0.
num_chunk_splits: 138.
num_chunks_enlarged: 87.
num_inconsistent_stats: 0.

CodeHeap 'non-profiled nmethods': size=120000Kb used=273Kb max_used=273Kb free=119726Kb
 bounds [0x0000023712b40000, 0x0000023712db0000, 0x000002371a070000]
CodeHeap 'profiled nmethods': size=120000Kb used=1356Kb max_used=1356Kb free=118644Kb
 bounds [0x000002370b070000, 0x000002370b2e0000, 0x00000237125a0000]
CodeHeap 'non-nmethods': size=5760Kb used=1174Kb max_used=1196Kb free=4585Kb
 bounds [0x00000237125a0000, 0x0000023712810000, 0x0000023712b40000]
 total_blobs=1348 nmethods=879 adapters=382
 compilation: enabled
              stopped_count=0, restarted_count=0
 full_count=0

Compilation events (20 events):
Event: 0.953 Thread 0x0000023721329c50  870       3       java.util.TreeSet::contains (11 bytes)
Event: 0.953 Thread 0x0000023721329c50 nmethod 870 0x000002370b1bbe90 code [0x000002370b1bc040, 0x000002370b1bc208]
Event: 0.954 Thread 0x0000023721329c50  871       3       sun.security.ssl.CipherSuite$KeyExchange::isAvailable (46 bytes)
Event: 0.954 Thread 0x0000023721329c50 nmethod 871 0x000002370b1bc310 code [0x000002370b1bc4e0, 0x000002370b1bc7c8]
Event: 0.954 Thread 0x0000023721329c50  872       3       java.io.OutputStream::<init> (5 bytes)
Event: 0.954 Thread 0x0000023721329c50 nmethod 872 0x000002370b1bc890 code [0x000002370b1bca20, 0x000002370b1bcb78]
Event: 0.955 Thread 0x0000023721329c50  873       3       java.lang.Byte::<init> (10 bytes)
Event: 0.955 Thread 0x0000023721329c50 nmethod 873 0x000002370b1bcc10 code [0x000002370b1bcdc0, 0x000002370b1bcf98]
Event: 0.956 Thread 0x0000023721329c50  874       3       java.util.Collections$UnmodifiableCollection$1::hasNext (10 bytes)
Event: 0.956 Thread 0x0000023721329c50 nmethod 874 0x000002370b1bd090 code [0x000002370b1bd240, 0x000002370b1bd408]
Event: 0.956 Thread 0x0000023721329c50  875       3       java.util.Collections$UnmodifiableCollection$1::next (10 bytes)
Event: 0.956 Thread 0x0000023721329c50 nmethod 875 0x000002370b1bd510 code [0x000002370b1bd6c0, 0x000002370b1bd888]
Event: 0.963 Thread 0x0000023721329c50  876       3       java.lang.invoke.TypeConvertingMethodAdapter::convertType (299 bytes)
Event: 0.966 Thread 0x0000023721329c50 nmethod 876 0x000002370b1bd990 code [0x000002370b1bdfc0, 0x000002370b1c14c8]
Event: 0.966 Thread 0x0000023721329c50  878       3       jdk.internal.misc.Unsafe::putIntUnaligned (79 bytes)
Event: 0.966 Thread 0x0000023721329c50 nmethod 878 0x000002370b1c2610 code [0x000002370b1c27e0, 0x000002370b1c2b78]
Event: 0.966 Thread 0x0000023721329c50  877       3       java.lang.String::rangeCheck (9 bytes)
Event: 0.967 Thread 0x0000023721329c50 nmethod 877 0x000002370b1c2c90 code [0x000002370b1c2e40, 0x000002370b1c2f68]
Event: 0.970 Thread 0x0000023721328330 nmethod 847 0x0000023712b81e90 code [0x0000023712b820a0, 0x0000023712b833b0]
Event: 0.970 Thread 0x0000023721328330  865       4       jdk.internal.org.objectweb.asm.SymbolTable::put (150 bytes)

GC Heap History (0 events):
No events

Dll operation events (1 events):
Event: 0.012 Loaded shared library D:\IntelliJ IDEA 2023.3.2\jbr\bin\java.dll

Deoptimization events (10 events):
Event: 0.747 Thread 0x00000237078ee670 Uncommon trap: trap_request=0xffffff45 fr.pc=0x0000023712b58f5c relative=0x00000000000001dc
Event: 0.747 Thread 0x00000237078ee670 Uncommon trap: reason=unstable_if action=reinterpret pc=0x0000023712b58f5c method=java.util.HashMap.putVal(ILjava/lang/Object;Ljava/lang/Object;ZZ)Ljava/lang/Object; @ 162 c2
Event: 0.747 Thread 0x00000237078ee670 DEOPT PACKING pc=0x0000023712b58f5c sp=0x000000b2422fbca0
Event: 0.747 Thread 0x00000237078ee670 DEOPT UNPACKING pc=0x00000237125f69a3 sp=0x000000b2422fbc40 mode 2
Event: 0.804 Thread 0x00000237078ee670 Uncommon trap: trap_request=0xffffff45 fr.pc=0x0000023712b5739c relative=0x00000000000003fc
Event: 0.804 Thread 0x00000237078ee670 Uncommon trap: reason=unstable_if action=reinterpret pc=0x0000023712b5739c method=java.lang.StringLatin1.newString([BII)Ljava/lang/String; @ 1 c2
Event: 0.804 Thread 0x00000237078ee670 DEOPT PACKING pc=0x0000023712b5739c sp=0x000000b2422fe8a0
Event: 0.804 Thread 0x00000237078ee670 DEOPT UNPACKING pc=0x00000237125f69a3 sp=0x000000b2422fe868 mode 2
Event: 0.867 Thread 0x00000237078ee670 DEOPT PACKING pc=0x000002370b08a267 sp=0x000000b2422fd280
Event: 0.867 Thread 0x00000237078ee670 DEOPT UNPACKING pc=0x00000237125f7143 sp=0x000000b2422fc6a0 mode 0

Classes unloaded (0 events):
No events

Classes redefined (0 events):
No events

Internal exceptions (20 events):
Event: 0.397 Thread 0x00000237078ee670 Exception <a 'java/lang/NoSuchMethodError'{0x00000000899b9668}: 'void java.lang.invoke.DirectMethodHandle$Holder.invokeStaticInit(java.lang.Object, java.lang.Object)'> (0x00000000899b9668) 
thrown [s\src\hotspot\share\interpreter\linkResolver.cpp, line 771]
Event: 0.400 Thread 0x00000237078ee670 Exception <a 'java/lang/NoSuchMethodError'{0x00000000899bff50}: 'int java.lang.invoke.DirectMethodHandle$Holder.invokeStaticInit(java.lang.Object, java.lang.Object)'> (0x00000000899bff50) 
thrown [s\src\hotspot\share\interpreter\linkResolver.cpp, line 771]
Event: 0.468 Thread 0x00000237078ee670 Exception <a 'java/lang/NoSuchMethodError'{0x00000000898a7300}: 'java.lang.Object java.lang.invoke.DirectMethodHandle$Holder.invokeStaticInit(java.lang.Object, int, int, int, int)'> (0x00000000898a7300) 
thrown [s\src\hotspot\share\interpreter\linkResolver.cpp, line 771]
Event: 0.572 Thread 0x00000237078ee670 Exception <a 'java/lang/NoSuchMethodError'{0x0000000089701800}: 'java.lang.Object java.lang.invoke.DirectMethodHandle$Holder.invokeStaticInit(java.lang.Object, java.lang.Object, int, int, int, int)'> (0x0000000089701800) 
thrown [s\src\hotspot\share\interpreter\linkResolver.cpp, line 771]
Event: 0.592 Thread 0x00000237078ee670 Exception <a 'java/lang/NoSuchMethodError'{0x000000008976a8f0}: 'java.lang.Object java.lang.invoke.DirectMethodHandle$Holder.invokeStatic(java.lang.Object, java.lang.Object, int)'> (0x000000008976a8f0) 
thrown [s\src\hotspot\share\interpreter\linkResolver.cpp, line 771]
Event: 0.592 Thread 0x00000237078ee670 Exception <a 'java/lang/NoSuchMethodError'{0x000000008976e068}: 'java.lang.Object java.lang.invoke.DirectMethodHandle$Holder.invokeStaticInit(java.lang.Object, java.lang.Object, int)'> (0x000000008976e068) 
thrown [s\src\hotspot\share\interpreter\linkResolver.cpp, line 771]
Event: 0.593 Thread 0x00000237078ee670 Exception <a 'java/lang/NoSuchMethodError'{0x0000000089774418}: 'java.lang.Object java.lang.invoke.DirectMethodHandle$Holder.newInvokeSpecial(java.lang.Object, java.lang.Object, int)'> (0x0000000089774418) 
thrown [s\src\hotspot\share\interpreter\linkResolver.cpp, line 771]
Event: 0.600 Thread 0x00000237078ee670 Exception <a 'java/lang/NoSuchMethodError'{0x0000000089783c70}: 'int java.lang.invoke.DirectMethodHandle$Holder.invokeStaticInit(java.lang.Object, java.lang.Object, java.lang.Object)'> (0x0000000089783c70) 
thrown [s\src\hotspot\share\interpreter\linkResolver.cpp, line 771]
Event: 0.605 Thread 0x00000237078ee670 Exception <a 'java/lang/NoSuchMethodError'{0x00000000897940c8}: 'int java.lang.invoke.DirectMethodHandle$Holder.invokeSpecial(java.lang.Object, java.lang.Object, java.lang.Object)'> (0x00000000897940c8) 
thrown [s\src\hotspot\share\interpreter\linkResolver.cpp, line 771]
Event: 0.607 Thread 0x00000237078ee670 Exception <a 'java/lang/NoSuchMethodError'{0x000000008979c4a8}: 'int java.lang.invoke.DirectMethodHandle$Holder.invokeSpecialIFC(java.lang.Object, java.lang.Object, java.lang.Object)'> (0x000000008979c4a8) 
thrown [s\src\hotspot\share\interpreter\linkResolver.cpp, line 771]
Event: 0.657 Thread 0x00000237078ee670 Exception <a 'java/lang/NoSuchMethodError'{0x0000000089628c78}: 'java.lang.Object java.lang.invoke.DirectMethodHandle$Holder.invokeStaticInit(java.lang.Object)'> (0x0000000089628c78) 
thrown [s\src\hotspot\share\interpreter\linkResolver.cpp, line 771]
Event: 0.824 Thread 0x00000237078ee670 Exception <a 'java/lang/NoSuchMethodError'{0x0000000089421090}: 'java.lang.Object java.lang.invoke.DirectMethodHandle$Holder.newInvokeSpecial(java.lang.Object, java.lang.Object, java.lang.Object, java.lang.Object, java.lang.Object)'> (0x0000000089421090) 
thrown [s\src\hotspot\share\interpreter\linkResolver.cpp, line 771]
Event: 0.876 Thread 0x00000237078ee670 Exception <a 'java/lang/NoSuchMethodError'{0x00000000893ad5e8}: 'java.lang.Object java.lang.invoke.DirectMethodHandle$Holder.invokeSpecial(java.lang.Object, java.lang.Object, java.lang.Object, java.lang.Object, int)'> (0x00000000893ad5e8) 
thrown [s\src\hotspot\share\interpreter\linkResolver.cpp, line 771]
Event: 0.876 Thread 0x00000237078ee670 Exception <a 'java/lang/NoSuchMethodError'{0x00000000893b11b0}: 'java.lang.Object java.lang.invoke.Invokers$Holder.linkToTargetMethod(java.lang.Object, java.lang.Object, int, java.lang.Object)'> (0x00000000893b11b0) 
thrown [s\src\hotspot\share\interpreter\linkResolver.cpp, line 771]
Event: 0.888 Thread 0x00000237078ee670 Exception <a 'java/lang/NoSuchMethodError'{0x0000000089211ea8}: 'void java.lang.invoke.DirectMethodHandle$Holder.invokeSpecial(java.lang.Object, java.lang.Object, java.lang.Object)'> (0x0000000089211ea8) 
thrown [s\src\hotspot\share\interpreter\linkResolver.cpp, line 771]
Event: 0.916 Thread 0x00000237078ee670 Exception <a 'java/lang/NoSuchMethodError'{0x0000000089298a70}: 'void java.lang.invoke.DirectMethodHandle$Holder.invokeSpecial(java.lang.Object, java.lang.Object, java.lang.Object, java.lang.Object, java.lang.Object)'> (0x0000000089298a70) 
thrown [s\src\hotspot\share\interpreter\linkResolver.cpp, line 771]
Event: 0.917 Thread 0x00000237218627b0 Exception <a 'java/lang/NoSuchMethodError'{0x00000000895ebdf0}: 'void java.lang.invoke.DirectMethodHandle$Holder.invokeStatic(java.lang.Object, java.lang.Object, int)'> (0x00000000895ebdf0) 
thrown [s\src\hotspot\share\interpreter\linkResolver.cpp, line 771]
Event: 0.928 Thread 0x0000023721902530 Exception <a 'java/lang/NoSuchMethodError'{0x0000000089124270}: 'void java.lang.invoke.DirectMethodHandle$Holder.invokeInterface(java.lang.Object, java.lang.Object, java.lang.Object)'> (0x0000000089124270) 
thrown [s\src\hotspot\share\interpreter\linkResolver.cpp, line 771]
Event: 0.933 Thread 0x0000023721902530 Exception <a 'java/lang/NoSuchMethodError'{0x000000008913a758}: 'int java.lang.invoke.DirectMethodHandle$Holder.invokeStaticInit(java.lang.Object, int, int)'> (0x000000008913a758) 
thrown [s\src\hotspot\share\interpreter\linkResolver.cpp, line 771]
Event: 0.941 Thread 0x0000023721902530 Exception <a 'java/lang/NoSuchMethodError'{0x000000008917d2c0}: 'void java.lang.invoke.DirectMethodHandle$Holder.invokeVirtual(java.lang.Object, java.lang.Object)'> (0x000000008917d2c0) 
thrown [s\src\hotspot\share\interpreter\linkResolver.cpp, line 771]

VM Operations (8 events):
Event: 0.217 Executing VM operation: HandshakeAllThreads
Event: 0.217 Executing VM operation: HandshakeAllThreads done
Event: 0.239 Executing VM operation: HandshakeAllThreads
Event: 0.239 Executing VM operation: HandshakeAllThreads done
Event: 0.486 Executing VM operation: HandshakeAllThreads
Event: 0.486 Executing VM operation: HandshakeAllThreads done
Event: 0.664 Executing VM operation: HandshakeAllThreads
Event: 0.664 Executing VM operation: HandshakeAllThreads done

Events (20 events):
Event: 0.969 loading class sun/security/ssl/CertificateAuthoritiesExtension$CHCertificateAuthoritiesConsumer
Event: 0.969 loading class sun/security/ssl/CertificateAuthoritiesExtension$CHCertificateAuthoritiesConsumer done
Event: 0.969 loading class sun/security/ssl/CertificateAuthoritiesExtension$CRCertificateAuthoritiesProducer
Event: 0.969 loading class sun/security/ssl/CertificateAuthoritiesExtension$CRCertificateAuthoritiesProducer done
Event: 0.969 loading class sun/security/ssl/CertificateAuthoritiesExtension$CRCertificateAuthoritiesConsumer
Event: 0.969 loading class sun/security/ssl/CertificateAuthoritiesExtension$CRCertificateAuthoritiesConsumer done
Event: 0.969 loading class sun/security/ssl/CertificateAuthoritiesExtension$CertificateAuthoritiesStringizer
Event: 0.969 loading class sun/security/ssl/CertificateAuthoritiesExtension$CertificateAuthoritiesStringizer done
Event: 0.969 loading class sun/security/ssl/CertSignAlgsExtension
Event: 0.969 loading class sun/security/ssl/CertSignAlgsExtension done
Event: 0.969 loading class sun/security/ssl/CertSignAlgsExtension$CHCertSignatureSchemesProducer
Event: 0.969 loading class sun/security/ssl/CertSignAlgsExtension$CHCertSignatureSchemesProducer done
Event: 0.969 loading class sun/security/ssl/CertSignAlgsExtension$CHCertSignatureSchemesConsumer
Event: 0.970 loading class sun/security/ssl/CertSignAlgsExtension$CHCertSignatureSchemesConsumer done
Event: 0.970 loading class sun/security/ssl/CertSignAlgsExtension$CHCertSignatureSchemesUpdate
Event: 0.970 loading class sun/security/ssl/CertSignAlgsExtension$CHCertSignatureSchemesUpdate done
Event: 0.970 loading class sun/security/ssl/CertSignAlgsExtension$CRCertSignatureSchemesProducer
Event: 0.970 loading class sun/security/ssl/CertSignAlgsExtension$CRCertSignatureSchemesProducer done
Event: 0.970 loading class sun/security/ssl/CertSignAlgsExtension$CRCertSignatureSchemesConsumer
Event: 0.970 loading class sun/security/ssl/CertSignAlgsExtension$CRCertSignatureSchemesConsumer done


Dynamic libraries:
0x00007ff614350000 - 0x00007ff61435a000 	D:\IntelliJ IDEA 2023.3.2\jbr\bin\java.exe
0x00007fffc7c50000 - 0x00007fffc7e48000 	C:\Windows\SYSTEM32\ntdll.dll
0x00007fffc74d0000 - 0x00007fffc758d000 	C:\Windows\System32\KERNEL32.DLL
0x00007fffc5770000 - 0x00007fffc5a66000 	C:\Windows\System32\KERNELBASE.dll
0x00007fffc5520000 - 0x00007fffc5620000 	C:\Windows\System32\ucrtbase.dll
0x00007fffb6990000 - 0x00007fffb69a7000 	D:\IntelliJ IDEA 2023.3.2\jbr\bin\jli.dll
0x00007fffc6580000 - 0x00007fffc671e000 	C:\Windows\System32\USER32.dll
0x00007fffc5740000 - 0x00007fffc5762000 	C:\Windows\System32\win32u.dll
0x00007fffc7be0000 - 0x00007fffc7c0b000 	C:\Windows\System32\GDI32.dll
0x00007fffc5620000 - 0x00007fffc5737000 	C:\Windows\System32\gdi32full.dll
0x00007fffc5ac0000 - 0x00007fffc5b5d000 	C:\Windows\System32\msvcp_win.dll
0x00007fff7e5f0000 - 0x00007fff7e60b000 	D:\IntelliJ IDEA 2023.3.2\jbr\bin\VCRUNTIME140.dll
0x00007fffaa870000 - 0x00007fffaab0a000 	C:\Windows\WinSxS\amd64_microsoft.windows.common-controls_6595b64144ccf1df_6.0.19041.3636_none_60b6a03d71f818d5\COMCTL32.dll
0x00007fffc7590000 - 0x00007fffc762e000 	C:\Windows\System32\msvcrt.dll
0x00007fffc6960000 - 0x00007fffc6992000 	C:\Windows\System32\IMM32.DLL
0x00007fffa13a0000 - 0x00007fffa13ac000 	D:\IntelliJ IDEA 2023.3.2\jbr\bin\vcruntime140_1.dll
0x00007fff73f30000 - 0x00007fff73fbd000 	D:\IntelliJ IDEA 2023.3.2\jbr\bin\msvcp140.dll
0x00007fff23ee0000 - 0x00007fff24b62000 	D:\IntelliJ IDEA 2023.3.2\jbr\bin\server\jvm.dll
0x00007fffc7040000 - 0x00007fffc70f3000 	C:\Windows\System32\ADVAPI32.dll
0x00007fffc73c0000 - 0x00007fffc745f000 	C:\Windows\System32\sechost.dll
0x00007fffc6720000 - 0x00007fffc6846000 	C:\Windows\System32\RPCRT4.dll
0x00007fffc5bd0000 - 0x00007fffc5bf7000 	C:\Windows\System32\bcrypt.dll
0x00007fffc4860000 - 0x00007fffc48ab000 	C:\Windows\SYSTEM32\POWRPROF.dll
0x00007fffa20f0000 - 0x00007fffa20f9000 	C:\Windows\SYSTEM32\WSOCK32.dll
0x00007fffc7460000 - 0x00007fffc74cb000 	C:\Windows\System32\WS2_32.dll
0x00007fffaacd0000 - 0x00007fffaacf7000 	C:\Windows\SYSTEM32\WINMM.dll
0x00007fffb5e50000 - 0x00007fffb5e5a000 	C:\Windows\SYSTEM32\VERSION.dll
0x00007fffc46e0000 - 0x00007fffc46f2000 	C:\Windows\SYSTEM32\UMPDC.dll
0x00007fffc3180000 - 0x00007fffc3192000 	C:\Windows\SYSTEM32\kernel.appcore.dll
0x00007fffc0d10000 - 0x00007fffc0d1a000 	D:\IntelliJ IDEA 2023.3.2\jbr\bin\jimage.dll
0x00007fffb05e0000 - 0x00007fffb07c4000 	C:\Windows\SYSTEM32\DBGHELP.DLL
0x00007fffb05a0000 - 0x00007fffb05d4000 	C:\Windows\SYSTEM32\dbgcore.DLL
0x00007fffc5c00000 - 0x00007fffc5c82000 	C:\Windows\System32\bcryptPrimitives.dll
0x00007fffc0ce0000 - 0x00007fffc0d05000 	D:\IntelliJ IDEA 2023.3.2\jbr\bin\java.dll
0x00007fffc0cc0000 - 0x00007fffc0cd8000 	D:\IntelliJ IDEA 2023.3.2\jbr\bin\zip.dll
0x00007fffc5e30000 - 0x00007fffc6575000 	C:\Windows\System32\SHELL32.dll
0x00007fffc3380000 - 0x00007fffc3b1c000 	C:\Windows\SYSTEM32\windows.storage.dll
0x00007fffc7630000 - 0x00007fffc7984000 	C:\Windows\System32\combase.dll
0x00007fffc4c60000 - 0x00007fffc4c8e000 	C:\Windows\SYSTEM32\Wldp.dll
0x00007fffc79f0000 - 0x00007fffc7abd000 	C:\Windows\System32\OLEAUT32.dll
0x00007fffc7310000 - 0x00007fffc73bd000 	C:\Windows\System32\SHCORE.dll
0x00007fffc6f40000 - 0x00007fffc6f95000 	C:\Windows\System32\shlwapi.dll
0x00007fffc5240000 - 0x00007fffc5265000 	C:\Windows\SYSTEM32\profapi.dll
0x00007fffc0ca0000 - 0x00007fffc0cb9000 	D:\IntelliJ IDEA 2023.3.2\jbr\bin\net.dll
0x00007fffbcec0000 - 0x00007fffbcfca000 	C:\Windows\SYSTEM32\WINHTTP.dll
0x00007fffc4a40000 - 0x00007fffc4aaa000 	C:\Windows\system32\mswsock.dll
0x00007fffc0c80000 - 0x00007fffc0c96000 	D:\IntelliJ IDEA 2023.3.2\jbr\bin\nio.dll
0x00007fffc4ca0000 - 0x00007fffc4cb8000 	C:\Windows\SYSTEM32\CRYPTSP.dll
0x00007fffc4320000 - 0x00007fffc4354000 	C:\Windows\system32\rsaenh.dll
0x00007fffc5200000 - 0x00007fffc522e000 	C:\Windows\SYSTEM32\USERENV.dll
0x00007fffc4bd0000 - 0x00007fffc4bdc000 	C:\Windows\SYSTEM32\CRYPTBASE.dll
0x00007fffc4700000 - 0x00007fffc473b000 	C:\Windows\SYSTEM32\IPHLPAPI.DLL
0x00007fffc7bd0000 - 0x00007fffc7bd8000 	C:\Windows\System32\NSI.dll
0x00007fffbeb30000 - 0x00007fffbeb47000 	C:\Windows\SYSTEM32\dhcpcsvc6.DLL
0x00007fffbea60000 - 0x00007fffbea7d000 	C:\Windows\SYSTEM32\dhcpcsvc.DLL
0x00007fffc4740000 - 0x00007fffc480b000 	C:\Windows\SYSTEM32\DNSAPI.dll
0x00007fffc0c60000 - 0x00007fffc0c6e000 	D:\IntelliJ IDEA 2023.3.2\jbr\bin\sunmscapi.dll
0x00007fffc53c0000 - 0x00007fffc551d000 	C:\Windows\System32\CRYPT32.dll
0x00007fffc4db0000 - 0x00007fffc4dd8000 	C:\Windows\SYSTEM32\ncrypt.dll
0x00007fffc4d70000 - 0x00007fffc4dab000 	C:\Windows\SYSTEM32\NTASN1.dll
0x00007fffc0040000 - 0x00007fffc0047000 	C:\Windows\system32\wshunix.dll

dbghelp: loaded successfully - version: 4.0.5 - missing functions: none
symbol engine: initialized successfully - sym options: 0x614 - pdb path: .;D:\IntelliJ IDEA 2023.3.2\jbr\bin;C:\Windows\SYSTEM32;C:\Windows\WinSxS\amd64_microsoft.windows.common-controls_6595b64144ccf1df_6.0.19041.3636_none_60b6a03d71f818d5;D:\IntelliJ IDEA 2023.3.2\jbr\bin\server

VM Arguments:
java_command: git4idea.http.GitAskPassApp Username for 'https://github.com': 
java_class_path (initial): D:/IntelliJ IDEA 2023.3.2/plugins/vcs-git/lib/git4idea-rt.jar;D:/IntelliJ IDEA 2023.3.2/lib/externalProcess-rt.jar
Launcher Type: SUN_STANDARD

[Global flags]
     intx CICompilerCount                          = 3                                         {product} {ergonomic}
     uint ConcGCThreads                            = 1                                         {product} {ergonomic}
     uint G1ConcRefinementThreads                  = 4                                         {product} {ergonomic}
   size_t G1HeapRegionSize                         = 1048576                                   {product} {ergonomic}
    uintx GCDrainStackTargetSize                   = 64                                        {product} {ergonomic}
   size_t InitialHeapSize                          = 134217728                                 {product} {ergonomic}
   size_t MarkStackSize                            = 4194304                                   {product} {ergonomic}
   size_t MaxHeapSize                              = 2118123520                                {product} {ergonomic}
   size_t MaxNewSize                               = 1270874112                                {product} {ergonomic}
   size_t MinHeapDeltaBytes                        = 1048576                                   {product} {ergonomic}
   size_t MinHeapSize                              = 8388608                                   {product} {ergonomic}
    uintx NonNMethodCodeHeapSize                   = 5832780                                {pd product} {ergonomic}
    uintx NonProfiledCodeHeapSize                  = 122912730                              {pd product} {ergonomic}
    uintx ProfiledCodeHeapSize                     = 122912730                              {pd product} {ergonomic}
    uintx ReservedCodeCacheSize                    = 251658240                              {pd product} {ergonomic}
     bool SegmentedCodeCache                       = true                                      {product} {ergonomic}
   size_t SoftMaxHeapSize                          = 2118123520                             {manageable} {ergonomic}
     bool UseCompressedClassPointers               = true                           {product lp64_product} {ergonomic}
     bool UseCompressedOops                        = true                           {product lp64_product} {ergonomic}
     bool UseG1GC                                  = true                                      {product} {ergonomic}
     bool UseLargePagesIndividualAllocation        = false                                  {pd product} {ergonomic}

Logging:
Log output configuration:
 #0: stdout all=warning uptime,level,tags
 #1: stderr all=off uptime,level,tags

Environment Variables:
PATH=C:\Program Files\Git\mingw64\libexec\git-core;C:\Program Files\Git\mingw64\libexec\git-core;C:\Program Files\Git\mingw64\bin;C:\Program Files\Git\usr\bin;C:\Users\\bin;C:\Program Files\Common Files\Oracle\Java\javapath;C:\Windows\system32;C:\Windows;C:\Windows\System32\Wbem;C:\Windows\System32\WindowsPowerShell\v1.0;C:\Windows\System32\OpenSSH;C:\Program Files\Git\cmd;C:\Program Files\Docker\Docker\resources\bin;C:\Program Files\MySQL\MySQL Shell 8.0\bin;C:\Users\\AppData\Local\Programs\Python\Python312\Scripts;C:\Users\\AppData\Local\Programs\Python\Python312;C:\Users\\AppData\Local\Microsoft\WindowsApps;C:\Users\\AppData\Local\JetBrains\Toolbox\scripts;C:\Users\\AppData\Local\Programs\Microsoft VS Code\bin;D:\PyCharm 2023.2.3\bin;D:\IntelliJ IDEA 2022.3.3\bin
USERNAME=
DISPLAY=:0.0
LC_ALL=en_US.UTF-8
TERM=xterm-256color
TMPDIR=C:\Users\73B5~1\AppData\Local\Temp
OS=Windows_NT
PROCESSOR_IDENTIFIER=Intel64 Family 6 Model 142 Stepping 9, GenuineIntel
TMP=C:\Users\73B5~1\AppData\Local\Temp
TEMP=C:\Users\73B5~1\AppData\Local\Temp



Periodic native trim disabled

JNI global refs:
JNI global refs: 19, weak refs: 0

JNI global refs memory usage: 843, weak refs: 209

OOME stack traces (most recent first):
Classloader memory used:
Loader bootstrap                                                                       : 1658K
Loader jdk.internal.loader.ClassLoaders$PlatformClassLoader                            : 166K
Loader jdk.internal.loader.ClassLoaders$AppClassLoader                                 : 1808B


---------------  S Y S T E M  ---------------

OS:
 Windows 10 , 64 bit Build 19041 (10.0.19041.3636)
OS uptime: 0 days 2:57 hours
Hyper-V role detected

CPU: total 4 (initial active 4) (2 cores per cpu, 2 threads per core) family 6 model 142 stepping 9 microcode 0xb4, cx8, cmov, fxsr, ht, mmx, 3dnowpref, sse, sse2, sse3, ssse3, sse4.1, sse4.2, popcnt, lzcnt, tsc, tscinvbit, avx, avx2, aes, erms, clmul, bmi1, bmi2, adx, fma, vzeroupper, clflush, clflushopt, hv
Processor Information for all 4 processors :
  Max Mhz: 2712, Current Mhz: 2511, Mhz Limit: 2495

Memory: 4k page, system-wide physical 8078M (1369M free)
TotalPageFile size 10126M (AvailPageFile size 4M)
current process WorkingSet (physical memory assigned to process): 63M, peak: 63M
current process commit charge ("private bytes"): 211M, peak: 212M

vm_info: OpenJDK 64-Bit Server VM (17.0.9+7-b1087.9) for windows-amd64 JRE (17.0.9+7-b1087.9), built on 2023-12-05 by "builduser" with MS VC++ 16.10 / 16.11 (VS2019)

END.
